<?xml version="1.0" encoding="UTF-8"?>
<testng-results skipped="0" failed="0" ignored="0" total="1" passed="1">
  <reporter-output>
  </reporter-output>
  <suite name="Default suite" duration-ms="58" started-at="2022-12-05T15:11:53 MST" finished-at="2022-12-05T15:11:53 MST">
    <groups>
    </groups>
    <test name="Default test" duration-ms="58" started-at="2022-12-05T15:11:53 MST" finished-at="2022-12-05T15:11:53 MST">
      <class name="ListOfIntegers">
        <test-method status="PASS" signature="listOfInt()[pri:0, instance:ListOfIntegers@2b2948e2]" name="listOfInt" duration-ms="15" started-at="2022-12-05T15:11:53 MST" finished-at="2022-12-05T15:11:53 MST">
          <reporter-output>
          </reporter-output>
        </test-method> <!-- listOfInt -->
      </class> <!-- ListOfIntegers -->
    </test> <!-- Default test -->
  </suite> <!-- Default suite -->
</testng-results>
